<?xml version="1.0" encoding="UTF-8" ?>
<testsuite failures="0" time="0.103" errors="0" skipped="0" tests="1" name="org.mirageone.subversion.subHooker.EmailAssemblerTest">
  <properties>
    <property name="java.runtime.name" value="Java(TM) SE Runtime Environment"/>
    <property name="sun.boot.library.path" value="C:\Program Files\Java\jdk1.6.0_19\jre\bin"/>
    <property name="java.vm.version" value="16.2-b04"/>
    <property name="java.vm.vendor" value="Sun Microsystems Inc."/>
    <property name="java.vendor.url" value="http://java.sun.com/"/>
    <property name="path.separator" value=";"/>
    <property name="java.vm.name" value="Java HotSpot(TM) Client VM"/>
    <property name="file.encoding.pkg" value="sun.io"/>
    <property name="user.country" value="US"/>
    <property name="sun.java.launcher" value="SUN_STANDARD"/>
    <property name="sun.os.patch.level" value="Service Pack 1"/>
    <property name="java.vm.specification.name" value="Java Virtual Machine Specification"/>
    <property name="user.dir" value="C:\Users\John\Desktop\subHooker2.0\trunk"/>
    <property name="java.runtime.version" value="1.6.0_19-b04"/>
    <property name="java.awt.graphicsenv" value="sun.awt.Win32GraphicsEnvironment"/>
    <property name="basedir" value="C:\Users\John\Desktop\subHooker2.0\trunk"/>
    <property name="java.endorsed.dirs" value="C:\Program Files\Java\jdk1.6.0_19\jre\lib\endorsed"/>
    <property name="os.arch" value="x86"/>
    <property name="surefire.real.class.path" value="C:\Users\John\Desktop\subHooker2.0\trunk\target\surefire\surefirebooter5546392896094682631.jar"/>
    <property name="java.io.tmpdir" value="C:\Users\John\AppData\Local\Temp\"/>
    <property name="line.separator" value="
"/>
    <property name="java.vm.specification.vendor" value="Sun Microsystems Inc."/>
    <property name="user.variant" value=""/>
    <property name="os.name" value="Windows 7"/>
    <property name="sun.jnu.encoding" value="Cp1252"/>
    <property name="java.library.path" value="C:\Program Files\Java\jdk1.6.0_19\jre\bin;.;C:\Windows\Sun\Java\bin;C:\Windows\system32;C:\Windows;%CommonProgramFiles%\Microsoft Shared\Windows Live;D:\Apache Software Foundation\apache-maven-2.2.1\bin;C:\Windows\system32;C:\Windows;C:\Windows\System32\Wbem;C:\Windows\System32\WindowsPowerShell\v1.0\;C:\Program Files\Subversion\bin;C:\Program Files\ATI Technologies\ATI.ACE\Core-Static;%GROOVY_HOME%\bin;C:\Program Files\Microsoft SQL Server\100\Tools\Binn\;C:\Program Files\Microsoft SQL Server\100\DTS\Binn\;C:\Program Files\Microsoft SQL Server\100\Tools\Binn\VSShell\Common7\IDE\;C:\Program Files\TortoiseSVN\bin;C:\Program Files\QuickTime\QTSystem\;C:\Program Files\Common Files\Microsoft Shared\Windows Live"/>
    <property name="surefire.test.class.path" value="C:\Users\John\Desktop\subHooker2.0\trunk\target\test-classes;C:\Users\John\Desktop\subHooker2.0\trunk\target\classes;C:\Users\John\.m2\repository\junit\junit\3.8.1\junit-3.8.1.jar;C:\Users\John\.m2\repository\javax\mail\mail\1.4.1\mail-1.4.1.jar;C:\Users\John\.m2\repository\javax\activation\activation\1.1\activation-1.1.jar;C:\Users\John\.m2\repository\log4j\log4j\1.2.16\log4j-1.2.16.jar;C:\Users\John\.m2\repository\org\apache\commons\commons-lang3\3.1\commons-lang3-3.1.jar;"/>
    <property name="java.specification.name" value="Java Platform API Specification"/>
    <property name="java.class.version" value="50.0"/>
    <property name="sun.management.compiler" value="HotSpot Client Compiler"/>
    <property name="os.version" value="6.1"/>
    <property name="user.home" value="C:\Users\John"/>
    <property name="user.timezone" value=""/>
    <property name="java.awt.printerjob" value="sun.awt.windows.WPrinterJob"/>
    <property name="java.specification.version" value="1.6"/>
    <property name="file.encoding" value="Cp1252"/>
    <property name="user.name" value="John"/>
    <property name="java.class.path" value="C:\Users\John\Desktop\subHooker2.0\trunk\target\test-classes;C:\Users\John\Desktop\subHooker2.0\trunk\target\classes;C:\Users\John\.m2\repository\junit\junit\3.8.1\junit-3.8.1.jar;C:\Users\John\.m2\repository\javax\mail\mail\1.4.1\mail-1.4.1.jar;C:\Users\John\.m2\repository\javax\activation\activation\1.1\activation-1.1.jar;C:\Users\John\.m2\repository\log4j\log4j\1.2.16\log4j-1.2.16.jar;C:\Users\John\.m2\repository\org\apache\commons\commons-lang3\3.1\commons-lang3-3.1.jar;"/>
    <property name="java.vm.specification.version" value="1.0"/>
    <property name="sun.arch.data.model" value="32"/>
    <property name="java.home" value="C:\Program Files\Java\jdk1.6.0_19\jre"/>
    <property name="java.specification.vendor" value="Sun Microsystems Inc."/>
    <property name="user.language" value="en"/>
    <property name="awt.toolkit" value="sun.awt.windows.WToolkit"/>
    <property name="java.vm.info" value="mixed mode, sharing"/>
    <property name="java.version" value="1.6.0_19"/>
    <property name="java.ext.dirs" value="C:\Program Files\Java\jdk1.6.0_19\jre\lib\ext;C:\Windows\Sun\Java\lib\ext"/>
    <property name="sun.boot.class.path" value="C:\Program Files\Java\jdk1.6.0_19\jre\lib\resources.jar;C:\Program Files\Java\jdk1.6.0_19\jre\lib\rt.jar;C:\Program Files\Java\jdk1.6.0_19\jre\lib\sunrsasign.jar;C:\Program Files\Java\jdk1.6.0_19\jre\lib\jsse.jar;C:\Program Files\Java\jdk1.6.0_19\jre\lib\jce.jar;C:\Program Files\Java\jdk1.6.0_19\jre\lib\charsets.jar;C:\Program Files\Java\jdk1.6.0_19\jre\classes"/>
    <property name="java.vendor" value="Sun Microsystems Inc."/>
    <property name="localRepository" value="C:\Users\John\.m2\repository"/>
    <property name="file.separator" value="\"/>
    <property name="java.vendor.url.bug" value="http://java.sun.com/cgi-bin/bugreport.cgi"/>
    <property name="sun.cpu.endian" value="little"/>
    <property name="sun.io.unicode.encoding" value="UnicodeLittle"/>
    <property name="sun.desktop" value="windows"/>
    <property name="sun.cpu.isalist" value=""/>
  </properties>
  <testcase time="0.084" classname="org.mirageone.subversion.subHooker.EmailAssemblerTest" name="testFetch"/>
</testsuite>